2022-03-02 16:00:21,147 INFO m.Log4j2Demo [main] This is my info message
2022-03-02 16:00:21,149 WARN m.Log4j2Demo [main] This is my warn message
2022-03-02 16:00:21,149 ERROR m.Log4j2Demo [main] This is my error message
2022-03-02 16:00:21,150 FATAL m.Log4j2Demo [main] This is my fatal message
2022-03-02 16:10:04,994 INFO m.Log4j2Demo [main] This is my info message
2022-03-02 16:10:04,996 WARN m.Log4j2Demo [main] This is my warn message
2022-03-02 16:10:04,996 ERROR m.Log4j2Demo [main] This is my error message
2022-03-02 16:10:04,996 FATAL m.Log4j2Demo [main] This is my fatal message
2022-03-02 16:16:05,444 INFO m.Log4j2Demo [main] This is my info message
2022-03-02 16:16:05,446 WARN m.Log4j2Demo [main] This is my warn message
2022-03-02 16:16:05,446 ERROR m.Log4j2Demo [main] This is my error message
2022-03-02 16:16:05,446 FATAL m.Log4j2Demo [main] This is my fatal message
2022-03-02 16:17:17,617 DEBUG m.Log4j2Demo [main] This is my Debug message
2022-03-02 16:17:17,620 INFO m.Log4j2Demo [main] This is my info message
2022-03-02 16:17:17,623 WARN m.Log4j2Demo [main] This is my warn message
2022-03-02 16:17:17,623 ERROR m.Log4j2Demo [main] This is my error message
2022-03-02 16:17:17,623 FATAL m.Log4j2Demo [main] This is my fatal message
2022-03-02 16:17:23,583 DEBUG m.Log4j2Demo [main] This is my Debug message
2022-03-02 16:17:23,585 INFO m.Log4j2Demo [main] This is my info message
2022-03-02 16:17:23,586 WARN m.Log4j2Demo [main] This is my warn message
2022-03-02 16:17:23,586 ERROR m.Log4j2Demo [main] This is my error message
2022-03-02 16:17:23,586 FATAL m.Log4j2Demo [main] This is my fatal message
2022-03-02 16:19:21,870 DEBUG m.Log4j2Demo [main] This is my Debug message
2022-03-02 16:19:21,872 INFO m.Log4j2Demo [main] This is my info message
2022-03-02 16:19:21,872 WARN m.Log4j2Demo [main] This is my warn message
2022-03-02 16:19:21,872 ERROR m.Log4j2Demo [main] This is my error message
2022-03-02 16:19:21,873 FATAL m.Log4j2Demo [main] This is my fatal message
2022-03-02 16:19:56,016 DEBUG m.Log4j2Demo [main] This is my Debug message
2022-03-02 16:19:56,019 INFO m.Log4j2Demo [main] This is my info message
2022-03-02 16:19:56,019 WARN m.Log4j2Demo [main] This is my warn message
2022-03-02 16:19:56,019 ERROR m.Log4j2Demo [main] This is my error message
2022-03-02 16:19:56,019 FATAL m.Log4j2Demo [main] This is my fatal message
2022-03-02 16:21:51,567 DEBUG m.Log4j2Demo [main] This is my Debug message
2022-03-02 16:21:51,570 INFO m.Log4j2Demo [main] This is my info message
2022-03-02 16:21:51,570 WARN m.Log4j2Demo [main] This is my warn message
2022-03-02 16:21:51,570 ERROR m.Log4j2Demo [main] This is my error message
2022-03-02 16:21:51,570 FATAL m.Log4j2Demo [main] This is my fatal message
2022-03-02 16:23:56,760 DEBUG m.Log4j2Demo [main] This is my Debug message
2022-03-02 16:23:56,762 INFO m.Log4j2Demo [main] This is my info message
2022-03-02 16:23:56,762 WARN m.Log4j2Demo [main] This is my warn message
2022-03-02 16:23:56,762 ERROR m.Log4j2Demo [main] This is my error message
2022-03-02 16:23:56,762 FATAL m.Log4j2Demo [main] This is my fatal message
